Watching for file changes with StatReloader
[06/Feb/2026 10:19:30] "GET /ui/welds/weld-maps/415b2aff-062b-453c-a5e5-11bf7605d6f3/ HTTP/1.1" 200 17114
[06/Feb/2026 10:19:30] "GET /static/vendor/pdfjs/pdf.min.js HTTP/1.1" 200 320004
[06/Feb/2026 10:19:30] "GET /static/vendor/pdfjs/pdf.worker.min.js HTTP/1.1" 200 1087212
[06/Feb/2026 10:19:31] "GET /media/drawings/f755bcc0dc6242caa70a19963f42e219_Furnace%20F-125.%20Convection%20Coil%20HPSSH-1-081566C-001-DW-0127-0103-R.3.pdf HTTP/1.1" 200 1662476
[06/Feb/2026 10:22:01] "POST /ui/welds/weld-maps/415b2aff-062b-453c-a5e5-11bf7605d6f3/ HTTP/1.1" 302 0
[06/Feb/2026 10:22:01] "GET /ui/welds/weld-maps/415b2aff-062b-453c-a5e5-11bf7605d6f3/ HTTP/1.1" 200 19975
[06/Feb/2026 10:22:01] "GET /media/drawings/f755bcc0dc6242caa70a19963f42e219_Furnace%20F-125.%20Convection%20Coil%20HPSSH-1-081566C-001-DW-0127-0103-R.3.pdf HTTP/1.1" 304 0
[06/Feb/2026 10:22:01] "GET /static/vendor/pdfjs/pdf.min.js HTTP/1.1" 304 0
[06/Feb/2026 10:22:01] "GET /static/vendor/pdfjs/pdf.worker.min.js HTTP/1.1" 304 0
[06/Feb/2026 10:22:01] "GET /media/drawings/f755bcc0dc6242caa70a19963f42e219_Furnace%20F-125.%20Convection%20Coil%20HPSSH-1-081566C-001-DW-0127-0103-R.3.pdf HTTP/1.1" 304 0
[06/Feb/2026 10:22:25] "POST /ui/welds/weld-maps/415b2aff-062b-453c-a5e5-11bf7605d6f3/ HTTP/1.1" 302 0
[06/Feb/2026 10:22:25] "GET /ui/welds/weld-maps/415b2aff-062b-453c-a5e5-11bf7605d6f3/ HTTP/1.1" 200 23110
[06/Feb/2026 10:22:47] "POST /ui/welds/weld-maps/415b2aff-062b-453c-a5e5-11bf7605d6f3/ HTTP/1.1" 302 0
[06/Feb/2026 10:22:47] "GET /ui/welds/weld-maps/415b2aff-062b-453c-a5e5-11bf7605d6f3/ HTTP/1.1" 200 24456
[06/Feb/2026 10:22:47] "GET /static/vendor/pdfjs/pdf.min.js HTTP/1.1" 304 0
[06/Feb/2026 10:22:47] "GET /static/vendor/pdfjs/pdf.worker.min.js HTTP/1.1" 304 0
[06/Feb/2026 10:25:00] "POST /ui/welds/weld-maps/415b2aff-062b-453c-a5e5-11bf7605d6f3/ HTTP/1.1" 302 0
[06/Feb/2026 10:25:00] "GET /ui/welds/weld-maps/415b2aff-062b-453c-a5e5-11bf7605d6f3/ HTTP/1.1" 200 27614
[06/Feb/2026 10:25:00] "GET /media/drawings/f755bcc0dc6242caa70a19963f42e219_Furnace%20F-125.%20Convection%20Coil%20HPSSH-1-081566C-001-DW-0127-0103-R.3.pdf HTTP/1.1" 304 0
[06/Feb/2026 10:25:00] "GET /static/vendor/pdfjs/pdf.min.js HTTP/1.1" 304 0
[06/Feb/2026 10:25:00] "GET /static/vendor/pdfjs/pdf.worker.min.js HTTP/1.1" 304 0
[06/Feb/2026 10:25:00] "GET /media/drawings/f755bcc0dc6242caa70a19963f42e219_Furnace%20F-125.%20Convection%20Coil%20HPSSH-1-081566C-001-DW-0127-0103-R.3.pdf HTTP/1.1" 304 0
C:\Projects\WeldDoc\backend\apps\welds\ui.py changed, reloading.
Watching for file changes with StatReloader
[06/Feb/2026 10:27:03] "GET /ui/welds/weld-maps/415b2aff-062b-453c-a5e5-11bf7605d6f3/ HTTP/1.1" 200 30095
[06/Feb/2026 10:27:03] "GET /media/drawings/f755bcc0dc6242caa70a19963f42e219_Furnace%20F-125.%20Convection%20Coil%20HPSSH-1-081566C-001-DW-0127-0103-R.3.pdf HTTP/1.1" 304 0
[06/Feb/2026 10:27:03] "GET /static/vendor/pdfjs/pdf.min.js HTTP/1.1" 304 0
[06/Feb/2026 10:27:03] "GET /static/vendor/pdfjs/pdf.worker.min.js HTTP/1.1" 304 0
[06/Feb/2026 10:27:03] "GET /media/drawings/f755bcc0dc6242caa70a19963f42e219_Furnace%20F-125.%20Convection%20Coil%20HPSSH-1-081566C-001-DW-0127-0103-R.3.pdf HTTP/1.1" 304 0
[06/Feb/2026 10:30:37] "GET /ui/welds/weld-maps/415b2aff-062b-453c-a5e5-11bf7605d6f3/ HTTP/1.1" 200 29860
[06/Feb/2026 10:30:37] "GET /static/vendor/pdfjs/pdf.min.js HTTP/1.1" 304 0
[06/Feb/2026 10:30:37] "GET /media/drawings/f755bcc0dc6242caa70a19963f42e219_Furnace%20F-125.%20Convection%20Coil%20HPSSH-1-081566C-001-DW-0127-0103-R.3.pdf HTTP/1.1" 304 0
[06/Feb/2026 10:30:37] "GET /static/vendor/pdfjs/pdf.worker.min.js HTTP/1.1" 304 0
[06/Feb/2026 10:30:38] "GET /media/drawings/f755bcc0dc6242caa70a19963f42e219_Furnace%20F-125.%20Convection%20Coil%20HPSSH-1-081566C-001-DW-0127-0103-R.3.pdf HTTP/1.1" 304 0
[06/Feb/2026 10:31:07] "POST /ui/welds/weld-maps/415b2aff-062b-453c-a5e5-11bf7605d6f3/ HTTP/1.1" 302 0
[06/Feb/2026 10:31:07] "GET /ui/welds/weld-maps/415b2aff-062b-453c-a5e5-11bf7605d6f3/ HTTP/1.1" 200 33100
[06/Feb/2026 11:39:29] "POST /ui/welds/weld-maps/415b2aff-062b-453c-a5e5-11bf7605d6f3/ HTTP/1.1" 302 0
[06/Feb/2026 11:39:29] "GET /ui/welds/weld-maps/415b2aff-062b-453c-a5e5-11bf7605d6f3/ HTTP/1.1" 200 36338
[06/Feb/2026 11:39:29] "GET /media/drawings/f755bcc0dc6242caa70a19963f42e219_Furnace%20F-125.%20Convection%20Coil%20HPSSH-1-081566C-001-DW-0127-0103-R.3.pdf HTTP/1.1" 304 0
[06/Feb/2026 11:39:29] "GET /static/vendor/pdfjs/pdf.min.js HTTP/1.1" 304 0
[06/Feb/2026 11:39:29] "GET /static/vendor/pdfjs/pdf.worker.min.js HTTP/1.1" 304 0
[06/Feb/2026 11:39:29] "GET /media/drawings/f755bcc0dc6242caa70a19963f42e219_Furnace%20F-125.%20Convection%20Coil%20HPSSH-1-081566C-001-DW-0127-0103-R.3.pdf HTTP/1.1" 304 0
[06/Feb/2026 11:39:48] "POST /ui/welds/weld-maps/415b2aff-062b-453c-a5e5-11bf7605d6f3/ HTTP/1.1" 302 0
[06/Feb/2026 11:39:48] "GET /ui/welds/weld-maps/415b2aff-062b-453c-a5e5-11bf7605d6f3/ HTTP/1.1" 200 36347
[06/Feb/2026 11:39:51] "GET /ui/welds/maps/ HTTP/1.1" 200 8837
[06/Feb/2026 11:39:56] "GET /ui/welds/?project_id=5a6b3762-c4ee-4c0b-8942-b0be35aba64b&equipment_id=c1bbabb8-dda3-47f6-ba4d-c9fa8570dd27 HTTP/1.1" 200 3054
[06/Feb/2026 11:40:00] "GET /ui/welds/?project_id=c41310ce-6396-4086-9959-a663864622f7&equipment_id=dd52949a-5477-4c45-b903-179afd3055b3 HTTP/1.1" 200 6046
[06/Feb/2026 11:40:03] "GET /ui/welds/weld-attributes/?weld_id=f3ca7b65-673d-4872-ba67-dbecac316f74 HTTP/1.1" 200 2549
[06/Feb/2026 11:40:07] "GET /ui/welds/weld-attributes/new/ HTTP/1.1" 200 3709
[06/Feb/2026 11:40:10] "GET /ui/welds/weld-attributes/ HTTP/1.1" 200 2711
[06/Feb/2026 11:40:11] "GET /ui/welds/weld-attributes/7bc29dd2-95c8-4390-8f7d-1d4791b8b563/ HTTP/1.1" 200 2434
[06/Feb/2026 11:40:12] "GET /ui/welds/weld-attributes/ HTTP/1.1" 200 2711
[06/Feb/2026 11:40:15] "GET /ui/welds/maps/ HTTP/1.1" 200 8837
[06/Feb/2026 11:40:33] "GET /ui/projects/ HTTP/1.1" 200 5503
[06/Feb/2026 11:40:35] "GET /ui/projects/5a6b3762-c4ee-4c0b-8942-b0be35aba64b/ HTTP/1.1" 200 3872
[06/Feb/2026 11:40:40] "GET /ui/documents/ HTTP/1.1" 200 4137
[06/Feb/2026 11:40:46] "GET /ui/wps/ HTTP/1.1" 200 7951
[06/Feb/2026 11:40:48] "GET /ui/pqr/ HTTP/1.1" 200 4464
[06/Feb/2026 11:40:49] "GET /ui/wpq/ HTTP/1.1" 200 2541
[06/Feb/2026 11:40:50] "GET /ui/welds/maps/ HTTP/1.1" 200 8837
C:\Projects\WeldDoc\backend\apps\projects\models.py changed, reloading.
Watching for file changes with StatReloader
C:\Projects\WeldDoc\backend\apps\welds\models.py changed, reloading.
Watching for file changes with StatReloader
[06/Feb/2026 12:56:31] "GET / HTTP/1.1" 200 5271
[06/Feb/2026 12:56:35] "GET /ui/welds/maps/ HTTP/1.1" 200 8660
[06/Feb/2026 12:56:38] "GET /ui/welds/weld-maps/415b2aff-062b-453c-a5e5-11bf7605d6f3/ HTTP/1.1" 200 36261
[06/Feb/2026 12:56:38] "GET /media/drawings/f755bcc0dc6242caa70a19963f42e219_Furnace%20F-125.%20Convection%20Coil%20HPSSH-1-081566C-001-DW-0127-0103-R.3.pdf HTTP/1.1" 304 0
[06/Feb/2026 12:56:38] "GET /static/vendor/pdfjs/pdf.min.js HTTP/1.1" 304 0
[06/Feb/2026 12:56:38] "GET /static/vendor/pdfjs/pdf.worker.min.js HTTP/1.1" 304 0
[06/Feb/2026 12:56:38] "GET /media/drawings/f755bcc0dc6242caa70a19963f42e219_Furnace%20F-125.%20Convection%20Coil%20HPSSH-1-081566C-001-DW-0127-0103-R.3.pdf HTTP/1.1" 304 0
C:\Projects\WeldDoc\backend\apps\welds\ui.py changed, reloading.
Watching for file changes with StatReloader
[06/Feb/2026 12:59:18] "GET /ui/welds/weld-maps/415b2aff-062b-453c-a5e5-11bf7605d6f3/ HTTP/1.1" 200 43177
[06/Feb/2026 12:59:46] "POST /ui/welds/weld-maps/415b2aff-062b-453c-a5e5-11bf7605d6f3/ HTTP/1.1" 302 0
[06/Feb/2026 12:59:46] "GET /ui/welds/weld-maps/415b2aff-062b-453c-a5e5-11bf7605d6f3/ HTTP/1.1" 200 47109
[06/Feb/2026 13:00:41] "POST /ui/welds/weld-maps/415b2aff-062b-453c-a5e5-11bf7605d6f3/ HTTP/1.1" 302 0
[06/Feb/2026 13:00:41] "GET /ui/welds/weld-maps/415b2aff-062b-453c-a5e5-11bf7605d6f3/ HTTP/1.1" 200 43177
[06/Feb/2026 13:02:55] "GET /ui/welds/weld-maps/415b2aff-062b-453c-a5e5-11bf7605d6f3/ HTTP/1.1" 200 44399
[06/Feb/2026 13:03:10] "POST /ui/welds/weld-maps/415b2aff-062b-453c-a5e5-11bf7605d6f3/ HTTP/1.1" 302 0
[06/Feb/2026 13:03:10] "GET /ui/welds/weld-maps/415b2aff-062b-453c-a5e5-11bf7605d6f3/ HTTP/1.1" 200 44399
[06/Feb/2026 13:03:23] "POST /ui/welds/weld-maps/415b2aff-062b-453c-a5e5-11bf7605d6f3/ HTTP/1.1" 302 0
[06/Feb/2026 13:03:23] "GET /ui/welds/weld-maps/415b2aff-062b-453c-a5e5-11bf7605d6f3/ HTTP/1.1" 200 44399
[06/Feb/2026 13:03:41] "GET /ui/welds/74ea2051-a179-4770-94c4-8dc3e6fba0ae/ HTTP/1.1" 200 3471
C:\Projects\WeldDoc\backend\apps\welds\ui.py changed, reloading.
Watching for file changes with StatReloader
[06/Feb/2026 13:05:23] "GET /ui/welds/weld-maps/415b2aff-062b-453c-a5e5-11bf7605d6f3/ HTTP/1.1" 200 47053
[06/Feb/2026 13:05:30] "GET /ui/welds/weld-maps/415b2aff-062b-453c-a5e5-11bf7605d6f3/ HTTP/1.1" 200 47053
[06/Feb/2026 13:24:23] "GET /ui/welds/weld-maps/415b2aff-062b-453c-a5e5-11bf7605d6f3/ HTTP/1.1" 200 47053
[06/Feb/2026 13:24:23] "GET /media/drawings/f755bcc0dc6242caa70a19963f42e219_Furnace%20F-125.%20Convection%20Coil%20HPSSH-1-081566C-001-DW-0127-0103-R.3.pdf HTTP/1.1" 304 0
[06/Feb/2026 13:24:23] "GET /static/vendor/pdfjs/pdf.min.js HTTP/1.1" 304 0
[06/Feb/2026 13:24:23] "GET /static/vendor/pdfjs/pdf.worker.min.js HTTP/1.1" 304 0
[06/Feb/2026 13:24:24] "GET /media/drawings/f755bcc0dc6242caa70a19963f42e219_Furnace%20F-125.%20Convection%20Coil%20HPSSH-1-081566C-001-DW-0127-0103-R.3.pdf HTTP/1.1" 304 0
[06/Feb/2026 13:24:31] "GET /ui/welds/weld-maps/415b2aff-062b-453c-a5e5-11bf7605d6f3/ HTTP/1.1" 200 47053
[06/Feb/2026 13:24:31] "GET /static/vendor/pdfjs/pdf.min.js HTTP/1.1" 200 320004
[06/Feb/2026 13:24:31] "GET /media/drawings/f755bcc0dc6242caa70a19963f42e219_Furnace%20F-125.%20Convection%20Coil%20HPSSH-1-081566C-001-DW-0127-0103-R.3.pdf HTTP/1.1" 200 1662476
Not Found: /favicon.ico
[06/Feb/2026 13:24:31] "GET /favicon.ico HTTP/1.1" 404 4894
[06/Feb/2026 13:24:47] "POST /ui/welds/weld-maps/415b2aff-062b-453c-a5e5-11bf7605d6f3/ HTTP/1.1" 302 0
[06/Feb/2026 13:24:47] "GET /ui/welds/weld-maps/415b2aff-062b-453c-a5e5-11bf7605d6f3/ HTTP/1.1" 200 44291
[06/Feb/2026 13:25:58] "GET /ui/welds/weld-maps/415b2aff-062b-453c-a5e5-11bf7605d6f3/ HTTP/1.1" 200 44291
[06/Feb/2026 13:26:01] "GET /ui/welds/weld-maps/415b2aff-062b-453c-a5e5-11bf7605d6f3/ HTTP/1.1" 200 44291
[06/Feb/2026 13:26:02] "GET /ui/welds/weld-maps/415b2aff-062b-453c-a5e5-11bf7605d6f3/ HTTP/1.1" 200 44291
[06/Feb/2026 13:26:07] "GET /ui/welds/weld-maps/415b2aff-062b-453c-a5e5-11bf7605d6f3/ HTTP/1.1" 200 48205
[06/Feb/2026 13:26:17] "POST /ui/welds/weld-maps/415b2aff-062b-453c-a5e5-11bf7605d6f3/ HTTP/1.1" 302 0
[06/Feb/2026 13:26:17] "GET /ui/welds/weld-maps/415b2aff-062b-453c-a5e5-11bf7605d6f3/ HTTP/1.1" 200 48205
C:\Projects\WeldDoc\backend\apps\welds\ui.py changed, reloading.
Watching for file changes with StatReloader
C:\Projects\WeldDoc\backend\apps\welds\ui.py changed, reloading.
Watching for file changes with StatReloader
[06/Feb/2026 13:29:33] "GET /ui/welds/weld-maps/415b2aff-062b-453c-a5e5-11bf7605d6f3/ HTTP/1.1" 200 46686
[06/Feb/2026 13:29:54] "GET /ui/welds/weld-maps/415b2aff-062b-453c-a5e5-11bf7605d6f3/ HTTP/1.1" 200 46285
[06/Feb/2026 13:29:54] "GET /static/vendor/pdfjs/pdf.min.js HTTP/1.1" 200 320004
[06/Feb/2026 13:29:54] "GET /media/drawings/f755bcc0dc6242caa70a19963f42e219_Furnace%20F-125.%20Convection%20Coil%20HPSSH-1-081566C-001-DW-0127-0103-R.3.pdf HTTP/1.1" 200 1662476
Not Found: /favicon.ico
[06/Feb/2026 13:29:54] "GET /favicon.ico HTTP/1.1" 404 4894
[06/Feb/2026 13:31:31] "GET /ui/welds/weld-maps/415b2aff-062b-453c-a5e5-11bf7605d6f3/ HTTP/1.1" 200 46694
[06/Feb/2026 13:31:31] "GET /static/vendor/pdfjs/pdf.min.js HTTP/1.1" 200 320004
[06/Feb/2026 13:31:31] "GET /media/drawings/f755bcc0dc6242caa70a19963f42e219_Furnace%20F-125.%20Convection%20Coil%20HPSSH-1-081566C-001-DW-0127-0103-R.3.pdf HTTP/1.1" 200 1662476
Not Found: /favicon.ico
[06/Feb/2026 13:31:31] "GET /favicon.ico HTTP/1.1" 404 4894
[06/Feb/2026 13:32:16] "GET /ui/welds/weld-maps/415b2aff-062b-453c-a5e5-11bf7605d6f3/ HTTP/1.1" 200 46721
[06/Feb/2026 13:32:16] "GET /static/vendor/pdfjs/pdf.min.js HTTP/1.1" 200 320004
[06/Feb/2026 13:32:16] "GET /media/drawings/f755bcc0dc6242caa70a19963f42e219_Furnace%20F-125.%20Convection%20Coil%20HPSSH-1-081566C-001-DW-0127-0103-R.3.pdf HTTP/1.1" 200 1662476
Not Found: /favicon.ico
[06/Feb/2026 13:32:16] "GET /favicon.ico HTTP/1.1" 404 4894
[06/Feb/2026 13:32:26] "POST /ui/welds/weld-maps/415b2aff-062b-453c-a5e5-11bf7605d6f3/ HTTP/1.1" 200 46845
[06/Feb/2026 13:32:34] "POST /ui/welds/weld-maps/415b2aff-062b-453c-a5e5-11bf7605d6f3/ HTTP/1.1" 200 46845
C:\Projects\WeldDoc\backend\apps\welds\ui.py changed, reloading.
Watching for file changes with StatReloader
C:\Projects\WeldDoc\backend\apps\welds\ui.py changed, reloading.
Watching for file changes with StatReloader
[06/Feb/2026 13:35:29] "POST /ui/welds/weld-maps/415b2aff-062b-453c-a5e5-11bf7605d6f3/ HTTP/1.1" 200 44869
[06/Feb/2026 13:35:41] "POST /ui/welds/weld-maps/415b2aff-062b-453c-a5e5-11bf7605d6f3/ HTTP/1.1" 200 47101
[06/Feb/2026 13:36:05] "POST /ui/welds/weld-maps/415b2aff-062b-453c-a5e5-11bf7605d6f3/ HTTP/1.1" 302 0
[06/Feb/2026 13:36:05] "GET /ui/welds/weld-maps/415b2aff-062b-453c-a5e5-11bf7605d6f3/ HTTP/1.1" 200 46715
[06/Feb/2026 13:36:11] "POST /ui/welds/weld-maps/415b2aff-062b-453c-a5e5-11bf7605d6f3/ HTTP/1.1" 302 0
[06/Feb/2026 13:36:11] "GET /ui/welds/weld-maps/415b2aff-062b-453c-a5e5-11bf7605d6f3/ HTTP/1.1" 200 42602
[06/Feb/2026 13:36:25] "POST /ui/welds/weld-maps/415b2aff-062b-453c-a5e5-11bf7605d6f3/ HTTP/1.1" 302 0
[06/Feb/2026 13:36:25] "GET /ui/welds/weld-maps/415b2aff-062b-453c-a5e5-11bf7605d6f3/ HTTP/1.1" 200 42602
[06/Feb/2026 13:36:38] "GET /ui/welds/weld-maps/415b2aff-062b-453c-a5e5-11bf7605d6f3/ HTTP/1.1" 200 42602
[06/Feb/2026 13:37:37] "GET /ui/welds/maps/ HTTP/1.1" 200 8660
[06/Feb/2026 13:38:28] "GET /ui/welds/?project_id=c41310ce-6396-4086-9959-a663864622f7 HTTP/1.1" 200 7835
[06/Feb/2026 13:38:35] "GET /ui/welds/new/ HTTP/1.1" 200 3395
[06/Feb/2026 13:39:28] "GET /ui/welds/new/ HTTP/1.1" 200 3395
[06/Feb/2026 15:19:43] "GET /ui/wpq/ HTTP/1.1" 200 2541
[06/Feb/2026 15:19:45] "GET /ui/welds/maps/ HTTP/1.1" 200 8660
[06/Feb/2026 15:19:51] "GET /ui/welds/drawings/?project_id=c41310ce-6396-4086-9959-a663864622f7&equipment_id=dd52949a-5477-4c45-b903-179afd3055b3 HTTP/1.1" 200 2964
[06/Feb/2026 15:19:56] "GET /ui/welds/drawings/9d7b1a4a-ee4c-4414-a126-a963e8b521cf/ HTTP/1.1" 200 3100
[06/Feb/2026 15:20:00] "GET /ui/welds/drawings/d3bccd53-69b3-47a4-a21f-cb4fa5ac35f7/ HTTP/1.1" 200 3094
[06/Feb/2026 15:20:01] "GET /media/drawings/e8ea1abd72b944dbaba2a19a2059927a_081566C-001-DW-0127-0105-0%20coil%20ECO.pdf HTTP/1.1" 200 827568
[06/Feb/2026 15:20:34] "GET /ui/welds/?project_id=5a6b3762-c4ee-4c0b-8942-b0be35aba64b&equipment_id=c1bbabb8-dda3-47f6-ba4d-c9fa8570dd27 HTTP/1.1" 200 3054
[06/Feb/2026 15:31:09] "GET /ui/wps/ HTTP/1.1" 200 7951
[06/Feb/2026 15:31:10] "GET /ui/wps/6b0820ef-4249-40b8-9a5a-320a278a050f/ HTTP/1.1" 200 2852
[06/Feb/2026 15:31:17] "GET /ui/wps/6b0820ef-4249-40b8-9a5a-320a278a050f/qw482/ HTTP/1.1" 200 30754
[06/Feb/2026 15:31:21] "GET /ui/wps/6b0820ef-4249-40b8-9a5a-320a278a050f/edit/ HTTP/1.1" 200 3384
[06/Feb/2026 15:31:23] "GET /ui/wps/ HTTP/1.1" 200 7951
C:\Projects\WeldDoc\backend\apps\wps\ui.py changed, reloading.
Watching for file changes with StatReloader
C:\Projects\WeldDoc\backend\apps\wps\ui_urls.py changed, reloading.
Watching for file changes with StatReloader
[06/Feb/2026 15:37:15] "GET /ui/wps/ HTTP/1.1" 200 11191
C:\Projects\WeldDoc\backend\apps\wps\models.py changed, reloading.
Watching for file changes with StatReloader
C:\Projects\WeldDoc\backend\apps\wps\forms.py changed, reloading.
Watching for file changes with StatReloader
C:\Projects\WeldDoc\backend\apps\wps\ui.py changed, reloading.
Watching for file changes with StatReloader
C:\Projects\WeldDoc\backend\apps\wps\ui.py changed, reloading.
Watching for file changes with StatReloader
[06/Feb/2026 15:44:33] "GET /ui/wps/ HTTP/1.1" 200 12227
[06/Feb/2026 15:44:41] "GET /ui/wps/?q=&project_id=5a6b3762-c4ee-4c0b-8942-b0be35aba64b&equipment_id=dd52949a-5477-4c45-b903-179afd3055b3 HTTP/1.1" 200 4158
[06/Feb/2026 15:44:46] "GET /ui/wps/?q=&project_id=c41310ce-6396-4086-9959-a663864622f7&equipment_id=c1bbabb8-dda3-47f6-ba4d-c9fa8570dd27 HTTP/1.1" 200 4158
[06/Feb/2026 15:44:47] "GET /ui/wps/?q=&project_id=c41310ce-6396-4086-9959-a663864622f7&equipment_id= HTTP/1.1" 200 12122
[06/Feb/2026 15:44:51] "GET /ui/wps/6b0820ef-4249-40b8-9a5a-320a278a050f/edit/ HTTP/1.1" 200 3646
C:\Projects\WeldDoc\backend\apps\wps\ui.py changed, reloading.
Watching for file changes with StatReloader
[06/Feb/2026 16:11:03] "GET /ui/wps/6b0820ef-4249-40b8-9a5a-320a278a050f/ HTTP/1.1" 200 2852
[06/Feb/2026 16:11:09] "GET /ui/wps/new/ HTTP/1.1" 200 23365
[06/Feb/2026 16:11:29] "GET /ui/pqr/ HTTP/1.1" 200 4464
[06/Feb/2026 16:11:32] "GET /ui/pqr/new/tool/ HTTP/1.1" 200 7782
[06/Feb/2026 16:12:31] "POST /ui/pqr/new/tool/ HTTP/1.1" 302 0
[06/Feb/2026 16:12:31] "GET /ui/pqr/06b96fcd-0a09-4e4e-a905-43a3d680b4bf/ HTTP/1.1" 200 5127
[06/Feb/2026 16:12:37] "GET /ui/wps/ HTTP/1.1" 200 12227
[06/Feb/2026 16:12:42] "GET /ui/wps/6b0820ef-4249-40b8-9a5a-320a278a050f/ HTTP/1.1" 200 2852
[06/Feb/2026 16:12:47] "GET /ui/wps/966b3035-8898-47c9-b5e3-1294fda86451/ HTTP/1.1" 200 3097
[06/Feb/2026 16:12:50] "GET /ui/wps/966b3035-8898-47c9-b5e3-1294fda86451/edit/ HTTP/1.1" 200 23465
C:\Projects\WeldDoc\backend\apps\wps\ui.py changed, reloading.
Watching for file changes with StatReloader
[06/Feb/2026 16:18:39] "GET /ui/wps/966b3035-8898-47c9-b5e3-1294fda86451/edit/ HTTP/1.1" 200 23107
[06/Feb/2026 16:19:03] "GET /ui/wps/966b3035-8898-47c9-b5e3-1294fda86451/edit/ HTTP/1.1" 200 23107
[06/Feb/2026 16:19:06] "GET /ui/wps/966b3035-8898-47c9-b5e3-1294fda86451/edit/ HTTP/1.1" 200 23107
[06/Feb/2026 16:21:03] "GET /ui/wps/966b3035-8898-47c9-b5e3-1294fda86451/edit/ HTTP/1.1" 200 23821
[06/Feb/2026 16:23:11] "GET /ui/wps/966b3035-8898-47c9-b5e3-1294fda86451/edit/ HTTP/1.1" 200 24010
[06/Feb/2026 16:23:13] "GET /ui/wps/966b3035-8898-47c9-b5e3-1294fda86451/edit/ HTTP/1.1" 200 24010
[06/Feb/2026 16:23:14] "GET /ui/wps/966b3035-8898-47c9-b5e3-1294fda86451/edit/ HTTP/1.1" 200 24010
[06/Feb/2026 16:23:15] "GET /ui/wps/966b3035-8898-47c9-b5e3-1294fda86451/edit/ HTTP/1.1" 200 24010
[06/Feb/2026 16:23:30] "GET /ui/wps/966b3035-8898-47c9-b5e3-1294fda86451/edit/ HTTP/1.1" 200 24010
[06/Feb/2026 16:23:41] "GET /ui/wps/966b3035-8898-47c9-b5e3-1294fda86451/edit/ HTTP/1.1" 200 24010
[06/Feb/2026 16:23:55] "GET /ui/wps/966b3035-8898-47c9-b5e3-1294fda86451/edit/ HTTP/1.1" 200 24010
[06/Feb/2026 16:23:56] "GET /ui/wps/966b3035-8898-47c9-b5e3-1294fda86451/edit/ HTTP/1.1" 200 24010
[06/Feb/2026 16:25:03] "GET /ui/wps/966b3035-8898-47c9-b5e3-1294fda86451/edit/ HTTP/1.1" 200 24251
[06/Feb/2026 16:25:03] "GET /ui/wps/966b3035-8898-47c9-b5e3-1294fda86451/edit/ HTTP/1.1" 200 24251
[06/Feb/2026 16:25:04] "GET /ui/wps/966b3035-8898-47c9-b5e3-1294fda86451/edit/ HTTP/1.1" 200 24251
[06/Feb/2026 16:25:08] "GET /ui/wps/966b3035-8898-47c9-b5e3-1294fda86451/edit/ HTTP/1.1" 200 24251
[06/Feb/2026 16:25:51] "GET /ui/wps/966b3035-8898-47c9-b5e3-1294fda86451/edit/ HTTP/1.1" 200 24653
[06/Feb/2026 16:25:52] "GET /ui/wps/966b3035-8898-47c9-b5e3-1294fda86451/edit/ HTTP/1.1" 200 24653
[06/Feb/2026 16:25:52] "GET /ui/wps/966b3035-8898-47c9-b5e3-1294fda86451/edit/ HTTP/1.1" 200 24653
[06/Feb/2026 16:26:08] "GET /ui/wps/966b3035-8898-47c9-b5e3-1294fda86451/edit/ HTTP/1.1" 200 25122
[06/Feb/2026 16:27:46] "GET /ui/wps/966b3035-8898-47c9-b5e3-1294fda86451/edit/ HTTP/1.1" 200 25122
[06/Feb/2026 16:27:47] "GET /ui/wps/966b3035-8898-47c9-b5e3-1294fda86451/edit/ HTTP/1.1" 200 25122
[06/Feb/2026 16:28:03] "GET /ui/wps/966b3035-8898-47c9-b5e3-1294fda86451/edit/ HTTP/1.1" 200 25396
[06/Feb/2026 16:28:06] "GET /ui/wps/966b3035-8898-47c9-b5e3-1294fda86451/edit/ HTTP/1.1" 200 25396
[06/Feb/2026 16:29:10] "GET /ui/wps/966b3035-8898-47c9-b5e3-1294fda86451/edit/ HTTP/1.1" 200 25921
[06/Feb/2026 16:33:15] "GET /ui/wps/966b3035-8898-47c9-b5e3-1294fda86451/edit/ HTTP/1.1" 200 25970
C:\Projects\WeldDoc\backend\apps\wps\ui.py changed, reloading.
Watching for file changes with StatReloader
[06/Feb/2026 16:34:05] "GET /ui/wps/966b3035-8898-47c9-b5e3-1294fda86451/edit/ HTTP/1.1" 200 25970
[06/Feb/2026 16:34:06] "GET /ui/wps/966b3035-8898-47c9-b5e3-1294fda86451/edit/ HTTP/1.1" 200 25970
[06/Feb/2026 16:34:12] "GET /ui/wps/966b3035-8898-47c9-b5e3-1294fda86451/edit/ HTTP/1.1" 200 25970
C:\Projects\WeldDoc\backend\apps\wps\ui.py changed, reloading.
Watching for file changes with StatReloader
[06/Feb/2026 16:35:22] "GET /ui/wps/966b3035-8898-47c9-b5e3-1294fda86451/edit/ HTTP/1.1" 200 39437
C:\Projects\WeldDoc\backend\apps\wps\ui.py changed, reloading.
Watching for file changes with StatReloader
[06/Feb/2026 16:41:47] "GET /ui/wps/ HTTP/1.1" 200 12227
[06/Feb/2026 16:41:50] "GET /ui/wps/a7f842ca-8c81-41bc-be0b-d98efbf55a87/ HTTP/1.1" 200 2857
[06/Feb/2026 16:41:53] "GET /ui/wps/a7f842ca-8c81-41bc-be0b-d98efbf55a87/processes/ HTTP/1.1" 200 2617
[06/Feb/2026 16:42:54] "GET /ui/wps/a7f842ca-8c81-41bc-be0b-d98efbf55a87/edit/ HTTP/1.1" 200 45367
[06/Feb/2026 16:42:57] "GET /ui/wps/ HTTP/1.1" 200 12227
[06/Feb/2026 16:43:02] "GET /ui/wps/6b0820ef-4249-40b8-9a5a-320a278a050f/edit/ HTTP/1.1" 200 45362
C:\Projects\WeldDoc\backend\apps\wps\ui.py changed, reloading.
Watching for file changes with StatReloader
[06/Feb/2026 16:44:40] "GET /ui/wps/ HTTP/1.1" 200 12227
[06/Feb/2026 16:44:58] "GET /ui/welds/maps/ HTTP/1.1" 200 8660
[06/Feb/2026 16:45:07] "GET /ui/documents/ HTTP/1.1" 200 4137
[06/Feb/2026 16:45:10] "GET /ui/documents/a1569066-074d-4102-a92e-d58adaac0aac/ HTTP/1.1" 200 2659
[06/Feb/2026 16:45:14] "GET /ui/projects/ HTTP/1.1" 200 5503
[06/Feb/2026 16:45:17] "GET /ui/wps/ HTTP/1.1" 200 12227
[06/Feb/2026 16:45:24] "GET /ui/wps/6b0820ef-4249-40b8-9a5a-320a278a050f/ HTTP/1.1" 200 2852
[06/Feb/2026 16:45:26] "GET /ui/wps/ HTTP/1.1" 200 12227
[06/Feb/2026 16:45:28] "GET /ui/wps/6b0820ef-4249-40b8-9a5a-320a278a050f/edit/ HTTP/1.1" 200 48040
C:\Projects\WeldDoc\backend\apps\wps\ui.py changed, reloading.
Watching for file changes with StatReloader
[06/Feb/2026 16:54:28] "GET /ui/wps/ HTTP/1.1" 200 12227
[06/Feb/2026 16:54:33] "GET /ui/wps/6b0820ef-4249-40b8-9a5a-320a278a050f/ HTTP/1.1" 200 2388
[06/Feb/2026 16:54:37] "GET /ui/wps/ HTTP/1.1" 200 12227
[06/Feb/2026 16:54:39] "GET /ui/wps/966b3035-8898-47c9-b5e3-1294fda86451/ HTTP/1.1" 200 2393
[06/Feb/2026 16:54:41] "GET /ui/wps/ HTTP/1.1" 200 12227
[06/Feb/2026 16:54:46] "GET /ui/wps/966b3035-8898-47c9-b5e3-1294fda86451/edit/ HTTP/1.1" 200 48045
[06/Feb/2026 16:55:01] "GET /ui/welds/maps/ HTTP/1.1" 200 8660
[06/Feb/2026 16:55:05] "GET /ui/wps/ HTTP/1.1" 200 12227
[06/Feb/2026 16:55:05] "GET /ui/documents/ HTTP/1.1" 200 4137
[06/Feb/2026 16:55:08] "GET /ui/wps/ HTTP/1.1" 200 12227
[06/Feb/2026 16:55:32] "GET /ui/wps/966b3035-8898-47c9-b5e3-1294fda86451/ HTTP/1.1" 200 2393
[06/Feb/2026 16:55:34] "GET /ui/wps/ HTTP/1.1" 200 12227
[06/Feb/2026 16:55:38] "GET /ui/wps/966b3035-8898-47c9-b5e3-1294fda86451/edit/ HTTP/1.1" 200 48045
[06/Feb/2026 16:57:53] "GET /ui/wps/966b3035-8898-47c9-b5e3-1294fda86451/edit/ HTTP/1.1" 200 48045
[06/Feb/2026 16:57:59] "GET /ui/wps/966b3035-8898-47c9-b5e3-1294fda86451/edit/ HTTP/1.1" 200 48045
[06/Feb/2026 16:58:01] "GET /ui/wps/ HTTP/1.1" 200 12227
[06/Feb/2026 16:58:03] "GET /ui/wps/966b3035-8898-47c9-b5e3-1294fda86451/ HTTP/1.1" 200 2393
[06/Feb/2026 16:58:07] "GET /ui/wps/ HTTP/1.1" 200 12227
[06/Feb/2026 16:58:12] "GET /ui/wps/4c6ffe1d-4a39-4c13-a583-fce7532e2fb9/ HTTP/1.1" 200 2390
[06/Feb/2026 16:58:14] "GET /ui/wps/ HTTP/1.1" 200 12227
[06/Feb/2026 16:58:19] "GET /ui/wps/6b0820ef-4249-40b8-9a5a-320a278a050f/edit/ HTTP/1.1" 200 48040
[06/Feb/2026 16:58:23] "GET /ui/wps/6b0820ef-4249-40b8-9a5a-320a278a050f/edit/ HTTP/1.1" 200 48040
[06/Feb/2026 16:58:29] "GET /ui/wps/ HTTP/1.1" 200 12227
C:\Projects\WeldDoc\backend\apps\wps\models.py changed, reloading.
Watching for file changes with StatReloader
C:\Projects\WeldDoc\backend\apps\wps\forms.py changed, reloading.
Watching for file changes with StatReloader
C:\Projects\WeldDoc\backend\apps\wps\ui.py changed, reloading.
Watching for file changes with StatReloader
C:\Projects\WeldDoc\backend\apps\wps\ui.py changed, reloading.
Watching for file changes with StatReloader
Internal Server Error: /ui/wps/966b3035-8898-47c9-b5e3-1294fda86451/edit/
Traceback (most recent call last):
  File "C:\Users\Israel\AppData\Local\Python\pythoncore-3.14-64\Lib\site-packages\django\db\backends\utils.py", line 105, in _execute
    return self.cursor.execute(sql, params)
           ~~~~~~~~~~~~~~~~~~~^^^^^^^^^^^^^
  File "C:\Users\Israel\AppData\Local\Python\pythoncore-3.14-64\Lib\site-packages\django\db\backends\sqlite3\base.py", line 359, in execute
    return super().execute(query, params)
           ~~~~~~~~~~~~~~~^^^^^^^^^^^^^^^
sqlite3.OperationalError: no such column: Wps.root_wps_id

The above exception was the direct cause of the following exception:

Traceback (most recent call last):
  File "C:\Users\Israel\AppData\Local\Python\pythoncore-3.14-64\Lib\site-packages\django\core\handlers\exception.py", line 55, in inner
    response = get_response(request)
  File "C:\Users\Israel\AppData\Local\Python\pythoncore-3.14-64\Lib\site-packages\django\core\handlers\base.py", line 198, in _get_response
    response = wrapped_callback(request, *callback_args, **callback_kwargs)
  File "C:\Users\Israel\AppData\Local\Python\pythoncore-3.14-64\Lib\site-packages\django\contrib\auth\decorators.py", line 59, in _view_wrapper
    return view_func(request, *args, **kwargs)
  File "c:\Projects\WeldDoc\backend\apps\wps\ui.py", line 706, in wps_edit
    item = get_object_or_404(models.Wps, pk=pk)
  File "C:\Users\Israel\AppData\Local\Python\pythoncore-3.14-64\Lib\site-packages\django\shortcuts.py", line 90, in get_object_or_404
    return queryset.get(*args, **kwargs)
           ~~~~~~~~~~~~^^^^^^^^^^^^^^^^^
  File "C:\Users\Israel\AppData\Local\Python\pythoncore-3.14-64\Lib\site-packages\django\db\models\query.py", line 635, in get
    num = len(clone)
  File "C:\Users\Israel\AppData\Local\Python\pythoncore-3.14-64\Lib\site-packages\django\db\models\query.py", line 372, in __len__
    self._fetch_all()
    ~~~~~~~~~~~~~~~^^
  File "C:\Users\Israel\AppData\Local\Python\pythoncore-3.14-64\Lib\site-packages\django\db\models\query.py", line 2000, in _fetch_all
    self._result_cache = list(self._iterable_class(self))
                         ~~~~^^^^^^^^^^^^^^^^^^^^^^^^^^^^
  File "C:\Users\Israel\AppData\Local\Python\pythoncore-3.14-64\Lib\site-packages\django\db\models\query.py", line 95, in __iter__
    results = compiler.execute_sql(
        chunked_fetch=self.chunked_fetch, chunk_size=self.chunk_size
    )
  File "C:\Users\Israel\AppData\Local\Python\pythoncore-3.14-64\Lib\site-packages\django\db\models\sql\compiler.py", line 1624, in execute_sql
    cursor.execute(sql, params)
    ~~~~~~~~~~~~~~^^^^^^^^^^^^^
  File "C:\Users\Israel\AppData\Local\Python\pythoncore-3.14-64\Lib\site-packages\django\db\backends\utils.py", line 122, in execute
    return super().execute(sql, params)
           ~~~~~~~~~~~~~~~^^^^^^^^^^^^^
  File "C:\Users\Israel\AppData\Local\Python\pythoncore-3.14-64\Lib\site-packages\django\db\backends\utils.py", line 79, in execute
    return self._execute_with_wrappers(
           ~~~~~~~~~~~~~~~~~~~~~~~~~~~^
        sql, params, many=False, executor=self._execute
        ^^^^^^^^^^^^^^^^^^^^^^^^^^^^^^^^^^^^^^^^^^^^^^^
    )
    ^
  File "C:\Users\Israel\AppData\Local\Python\pythoncore-3.14-64\Lib\site-packages\django\db\backends\utils.py", line 92, in _execute_with_wrappers
    return executor(sql, params, many, context)
  File "C:\Users\Israel\AppData\Local\Python\pythoncore-3.14-64\Lib\site-packages\django\db\backends\utils.py", line 100, in _execute
    with self.db.wrap_database_errors:
         ^^^^^^^^^^^^^^^^^^^^^^^^^^^^
  File "C:\Users\Israel\AppData\Local\Python\pythoncore-3.14-64\Lib\site-packages\django\db\utils.py", line 94, in __exit__
    raise dj_exc_value.with_traceback(traceback) from exc_value
  File "C:\Users\Israel\AppData\Local\Python\pythoncore-3.14-64\Lib\site-packages\django\db\backends\utils.py", line 105, in _execute
    return self.cursor.execute(sql, params)
           ~~~~~~~~~~~~~~~~~~~^^^^^^^^^^^^^
  File "C:\Users\Israel\AppData\Local\Python\pythoncore-3.14-64\Lib\site-packages\django\db\backends\sqlite3\base.py", line 359, in execute
    return super().execute(query, params)
           ~~~~~~~~~~~~~~~^^^^^^^^^^^^^^^
django.db.utils.OperationalError: no such column: Wps.root_wps_id
[06/Feb/2026 17:00:48] "GET /ui/wps/966b3035-8898-47c9-b5e3-1294fda86451/edit/ HTTP/1.1" 500 146555
C:\Projects\WeldDoc\backend\apps\wps\ui.py changed, reloading.
Watching for file changes with StatReloader
C:\Projects\WeldDoc\backend\apps\wps\ui_urls.py changed, reloading.
Watching for file changes with StatReloader
Internal Server Error: /ui/wps/4c6ffe1d-4a39-4c13-a583-fce7532e2fb9/edit/
Traceback (most recent call last):
  File "C:\Users\Israel\AppData\Local\Python\pythoncore-3.14-64\Lib\site-packages\django\db\backends\utils.py", line 105, in _execute
    return self.cursor.execute(sql, params)
           ~~~~~~~~~~~~~~~~~~~^^^^^^^^^^^^^
  File "C:\Users\Israel\AppData\Local\Python\pythoncore-3.14-64\Lib\site-packages\django\db\backends\sqlite3\base.py", line 359, in execute
    return super().execute(query, params)
           ~~~~~~~~~~~~~~~^^^^^^^^^^^^^^^
sqlite3.OperationalError: no such column: Wps.root_wps_id

The above exception was the direct cause of the following exception:

Traceback (most recent call last):
  File "C:\Users\Israel\AppData\Local\Python\pythoncore-3.14-64\Lib\site-packages\django\core\handlers\exception.py", line 55, in inner
    response = get_response(request)
  File "C:\Users\Israel\AppData\Local\Python\pythoncore-3.14-64\Lib\site-packages\django\core\handlers\base.py", line 198, in _get_response
    response = wrapped_callback(request, *callback_args, **callback_kwargs)
  File "C:\Users\Israel\AppData\Local\Python\pythoncore-3.14-64\Lib\site-packages\django\contrib\auth\decorators.py", line 59, in _view_wrapper
    return view_func(request, *args, **kwargs)
  File "c:\Projects\WeldDoc\backend\apps\wps\ui.py", line 706, in wps_edit
    item = get_object_or_404(models.Wps, pk=pk)
  File "C:\Users\Israel\AppData\Local\Python\pythoncore-3.14-64\Lib\site-packages\django\shortcuts.py", line 90, in get_object_or_404
    return queryset.get(*args, **kwargs)
           ~~~~~~~~~~~~^^^^^^^^^^^^^^^^^
  File "C:\Users\Israel\AppData\Local\Python\pythoncore-3.14-64\Lib\site-packages\django\db\models\query.py", line 635, in get
    num = len(clone)
  File "C:\Users\Israel\AppData\Local\Python\pythoncore-3.14-64\Lib\site-packages\django\db\models\query.py", line 372, in __len__
    self._fetch_all()
    ~~~~~~~~~~~~~~~^^
  File "C:\Users\Israel\AppData\Local\Python\pythoncore-3.14-64\Lib\site-packages\django\db\models\query.py", line 2000, in _fetch_all
    self._result_cache = list(self._iterable_class(self))
                         ~~~~^^^^^^^^^^^^^^^^^^^^^^^^^^^^
  File "C:\Users\Israel\AppData\Local\Python\pythoncore-3.14-64\Lib\site-packages\django\db\models\query.py", line 95, in __iter__
    results = compiler.execute_sql(
        chunked_fetch=self.chunked_fetch, chunk_size=self.chunk_size
    )
  File "C:\Users\Israel\AppData\Local\Python\pythoncore-3.14-64\Lib\site-packages\django\db\models\sql\compiler.py", line 1624, in execute_sql
    cursor.execute(sql, params)
    ~~~~~~~~~~~~~~^^^^^^^^^^^^^
  File "C:\Users\Israel\AppData\Local\Python\pythoncore-3.14-64\Lib\site-packages\django\db\backends\utils.py", line 122, in execute
    return super().execute(sql, params)
           ~~~~~~~~~~~~~~~^^^^^^^^^^^^^
  File "C:\Users\Israel\AppData\Local\Python\pythoncore-3.14-64\Lib\site-packages\django\db\backends\utils.py", line 79, in execute
    return self._execute_with_wrappers(
           ~~~~~~~~~~~~~~~~~~~~~~~~~~~^
        sql, params, many=False, executor=self._execute
        ^^^^^^^^^^^^^^^^^^^^^^^^^^^^^^^^^^^^^^^^^^^^^^^
    )
    ^
  File "C:\Users\Israel\AppData\Local\Python\pythoncore-3.14-64\Lib\site-packages\django\db\backends\utils.py", line 92, in _execute_with_wrappers
    return executor(sql, params, many, context)
  File "C:\Users\Israel\AppData\Local\Python\pythoncore-3.14-64\Lib\site-packages\django\db\backends\utils.py", line 100, in _execute
    with self.db.wrap_database_errors:
         ^^^^^^^^^^^^^^^^^^^^^^^^^^^^
  File "C:\Users\Israel\AppData\Local\Python\pythoncore-3.14-64\Lib\site-packages\django\db\utils.py", line 94, in __exit__
    raise dj_exc_value.with_traceback(traceback) from exc_value
  File "C:\Users\Israel\AppData\Local\Python\pythoncore-3.14-64\Lib\site-packages\django\db\backends\utils.py", line 105, in _execute
    return self.cursor.execute(sql, params)
           ~~~~~~~~~~~~~~~~~~~^^^^^^^^^^^^^
  File "C:\Users\Israel\AppData\Local\Python\pythoncore-3.14-64\Lib\site-packages\django\db\backends\sqlite3\base.py", line 359, in execute
    return super().execute(query, params)
           ~~~~~~~~~~~~~~~^^^^^^^^^^^^^^^
django.db.utils.OperationalError: no such column: Wps.root_wps_id
[06/Feb/2026 17:01:53] "GET /ui/wps/4c6ffe1d-4a39-4c13-a583-fce7532e2fb9/edit/ HTTP/1.1" 500 146555
C:\Projects\WeldDoc\backend\apps\documents\ui.py changed, reloading.
Watching for file changes with StatReloader
[06/Feb/2026 17:03:06] "GET /ui/wps/966b3035-8898-47c9-b5e3-1294fda86451/ HTTP/1.1" 200 5104
C:\Projects\WeldDoc\backend\apps\wps\ui.py changed, reloading.
Watching for file changes with StatReloader
[06/Feb/2026 17:04:16] "GET /ui/wps/ HTTP/1.1" 200 12729
[06/Feb/2026 17:04:46] "GET /ui/wps/ HTTP/1.1" 200 12729
[06/Feb/2026 17:04:47] "GET /ui/wps/ HTTP/1.1" 200 12729
[06/Feb/2026 17:04:53] "GET /ui/wps/6b0820ef-4249-40b8-9a5a-320a278a050f/ HTTP/1.1" 200 5088
[06/Feb/2026 17:05:05] "GET / HTTP/1.1" 200 5271
[06/Feb/2026 17:05:10] "GET /ui/wps/ HTTP/1.1" 200 13149
[06/Feb/2026 17:05:25] "GET /ui/wps/ HTTP/1.1" 200 13149
[06/Feb/2026 17:05:26] "GET /ui/wps/ HTTP/1.1" 200 13149
C:\Projects\WeldDoc\backend\apps\wps\models.py changed, reloading.
Watching for file changes with StatReloader
[06/Feb/2026 17:05:53] "GET /ui/wps/ HTTP/1.1" 200 13149
[06/Feb/2026 17:05:53] "GET /ui/wps/ HTTP/1.1" 200 13149
[06/Feb/2026 17:05:53] "GET /ui/wps/ HTTP/1.1" 200 13149
[06/Feb/2026 17:05:54] "GET /ui/wps/ HTTP/1.1" 200 13149
[06/Feb/2026 17:05:54] "GET /ui/wps/ HTTP/1.1" 200 13149
[06/Feb/2026 17:05:54] "GET /ui/wps/ HTTP/1.1" 200 13149
[06/Feb/2026 17:05:54] "GET /ui/wps/ HTTP/1.1" 200 13149
[06/Feb/2026 17:05:55] "GET /ui/wps/ HTTP/1.1" 200 13149
[06/Feb/2026 17:05:55] "GET /ui/wps/ HTTP/1.1" 200 13149
[06/Feb/2026 17:05:55] "GET /ui/wps/ HTTP/1.1" 200 13149
[06/Feb/2026 17:05:56] "GET /ui/wps/ HTTP/1.1" 200 13149
[06/Feb/2026 17:05:56] "GET /ui/wps/ HTTP/1.1" 200 13149
[06/Feb/2026 17:05:56] "GET /ui/wps/ HTTP/1.1" 200 13149
[06/Feb/2026 17:05:58] "GET /ui/wps/6b0820ef-4249-40b8-9a5a-320a278a050f/ HTTP/1.1" 200 5088
C:\Projects\WeldDoc\backend\apps\wps\ui.py changed, reloading.
Watching for file changes with StatReloader
[06/Feb/2026 17:06:02] "GET /ui/documents/ HTTP/1.1" 200 4137
[06/Feb/2026 17:06:05] "GET /ui/wps/ HTTP/1.1" 200 13149
[06/Feb/2026 17:06:06] "GET /ui/documents/ HTTP/1.1" 200 4137
[06/Feb/2026 17:06:07] "GET /ui/documents/a1569066-074d-4102-a92e-d58adaac0aac/ HTTP/1.1" 200 2662
[06/Feb/2026 17:06:10] "GET /ui/documents/ HTTP/1.1" 200 4137
[06/Feb/2026 17:06:28] "GET /ui/pqr/ HTTP/1.1" 200 5212
[06/Feb/2026 17:06:33] "GET /ui/pqr/ HTTP/1.1" 200 5212
[06/Feb/2026 17:06:37] "GET /ui/wpq/ HTTP/1.1" 200 2541
[06/Feb/2026 17:06:38] "GET /ui/pqr/ HTTP/1.1" 200 5212
[06/Feb/2026 17:06:42] "GET /ui/pqr/06b96fcd-0a09-4e4e-a905-43a3d680b4bf/ HTTP/1.1" 200 5127
[06/Feb/2026 17:06:54] "GET /ui/wps/ HTTP/1.1" 200 13149
[06/Feb/2026 17:06:56] "GET /ui/wps/6b0820ef-4249-40b8-9a5a-320a278a050f/ HTTP/1.1" 200 5088
[06/Feb/2026 17:06:59] "GET /ui/wps/6b0820ef-4249-40b8-9a5a-320a278a050f/edit/ HTTP/1.1" 200 48049
[06/Feb/2026 17:07:01] "GET /ui/wps/ HTTP/1.1" 200 13149
[06/Feb/2026 17:07:06] "POST /ui/wps/6b0820ef-4249-40b8-9a5a-320a278a050f/copy/ HTTP/1.1" 302 0
[06/Feb/2026 17:07:06] "GET /ui/wps/45b7e651-ae65-44a1-8471-3f329ed40545/edit/ HTTP/1.1" 200 48056
[06/Feb/2026 17:07:13] "POST /ui/wps/45b7e651-ae65-44a1-8471-3f329ed40545/edit/ HTTP/1.1" 200 52126
[06/Feb/2026 17:07:15] "GET /ui/wps/ HTTP/1.1" 200 14940
[06/Feb/2026 17:07:21] "POST /ui/wps/a7f842ca-8c81-41bc-be0b-d98efbf55a87/delete/ HTTP/1.1" 302 0
[06/Feb/2026 17:07:21] "GET /ui/wps/ HTTP/1.1" 200 13153
[06/Feb/2026 17:07:29] "GET /ui/wps/ HTTP/1.1" 200 13153
[06/Feb/2026 17:07:32] "GET /ui/wps/ HTTP/1.1" 200 12733
[06/Feb/2026 17:07:34] "GET /ui/wps/6b0820ef-4249-40b8-9a5a-320a278a050f/ HTTP/1.1" 200 5088
[06/Feb/2026 17:07:36] "GET /ui/wps/6b0820ef-4249-40b8-9a5a-320a278a050f/edit/ HTTP/1.1" 200 48049
[06/Feb/2026 17:08:56] "GET /ui/wps/6b0820ef-4249-40b8-9a5a-320a278a050f/edit/ HTTP/1.1" 200 48383
[06/Feb/2026 17:10:05] "GET /ui/wps/ HTTP/1.1" 200 12733
